[debug] [2018-03-18T05:21:43.060Z] ----------------------------------------------------------------------
[debug] [2018-03-18T05:21:43.064Z] Command:       /usr/local/bin/node /usr/local/bin/firebase serve
[debug] [2018-03-18T05:21:43.064Z] CLI Version:   3.17.6
[debug] [2018-03-18T05:21:43.064Z] Platform:      darwin
[debug] [2018-03-18T05:21:43.064Z] Node Version:  v8.10.0
[debug] [2018-03-18T05:21:43.065Z] Time:          Sun Mar 18 2018 18:21:43 GMT+1300 (NZDT)
[debug] [2018-03-18T05:21:43.065Z] ----------------------------------------------------------------------
[debug] 
[debug] [2018-03-18T05:21:43.080Z] > command requires scopes: ["email","openid","https://www.googleapis.com/auth/cloudplatformprojects.readonly","https://www.googleapis.com/auth/firebase","https://www.googleapis.com/auth/cloud-platform"]
[debug] [2018-03-18T05:21:43.080Z] > authorizing via signed-in user
[debug] [2018-03-18T05:21:43.082Z] > refreshing access token with scopes: ["email","https://www.googleapis.com/auth/cloud-platform","https://www.googleapis.com/auth/cloudplatformprojects.readonly","https://www.googleapis.com/auth/firebase","openid"]
[debug] [2018-03-18T05:21:43.082Z] >>> HTTP REQUEST POST https://www.googleapis.com/oauth2/v3/token  
 { refresh_token: '1/LGvMYSXtcF2R5L31zvpMQElarYt8uRxDYD9dYDuX3ko',
  client_id: '563584335869-fgrhgmd47bqnekij5i8b5pr03ho849e6.apps.googleusercontent.com',
  client_secret: 'j9iVZfS8kkCEFUPaAeJV0sAi',
  grant_type: 'refresh_token',
  scope: 'email https://www.googleapis.com/auth/cloud-platform https://www.googleapis.com/auth/cloudplatformprojects.readonly https://www.googleapis.com/auth/firebase openid' } 
 Sun Mar 18 2018 18:21:43 GMT+1300 (NZDT)
[debug] [2018-03-18T05:21:43.935Z] <<< HTTP RESPONSE 200
[debug] [2018-03-18T05:21:43.969Z] >>> HTTP REQUEST GET https://admin.firebase.com/v1/projects/play-14e3e  
  
 Sun Mar 18 2018 18:21:43 GMT+1300 (NZDT)
[debug] [2018-03-18T05:21:45.990Z] <<< HTTP RESPONSE 200
[debug] [2018-03-18T05:21:45.991Z] >>> HTTP REQUEST GET https://admin.firebase.com/v1/database/play-14e3e/tokens  
  
 Sun Mar 18 2018 18:21:45 GMT+1300 (NZDT)
[debug] [2018-03-18T05:21:47.183Z] <<< HTTP RESPONSE 200
[debug] [2018-03-18T05:21:47.185Z] >>> HTTP REQUEST GET https://cloudresourcemanager.googleapis.com/v1/projects/play-14e3e  
  
 Sun Mar 18 2018 18:21:47 GMT+1300 (NZDT)
[debug] [2018-03-18T05:21:49.436Z] <<< HTTP RESPONSE 200
[info] 
[info] === Serving from '/Users/admin/Desktop/PlayCode/play'...
[info] 
[debug] [2018-03-18T05:21:49.439Z] >>> HTTP REQUEST GET https://mobilesdk-pa.googleapis.com/v1/projects/952744572741/clients/_:getWebAppConfig  
  
 Sun Mar 18 2018 18:21:49 GMT+1300 (NZDT)
[debug] [2018-03-18T05:21:51.282Z] <<< HTTP RESPONSE 200
[info] i  hosting: Serving hosting files from: public
[info] ✔  hosting: Local server: http://localhost:5000

[debug] [2018-03-21T01:59:18.268Z] Error: getaddrinfo ENOTFOUND www.gstatic.com www.gstatic.com:443
    at errnoException (dns.js:50:10)
    at GetAddrInfoReqWrap.onlookup [as oncomplete] (dns.js:92:26)
[error] 
[error] Error: An unexpected error has occurred.
[debug] [2018-03-21T01:59:18.438Z] Error: socket hang up
    at createHangUpError (_http_client.js:331:15)
    at TLSSocket.socketCloseListener (_http_client.js:363:23)
    at emitOne (events.js:121:20)
    at TLSSocket.emit (events.js:211:7)
    at _handle.close (net.js:567:12)
    at TCP.done [as _onclose] (_tls_wrap.js:356:7)
[error] 
[error] Error: An unexpected error has occurred.
[debug] [2018-03-21T01:59:18.481Z] Error: getaddrinfo ENOTFOUND www.gstatic.com www.gstatic.com:443
    at errnoException (dns.js:50:10)
    at GetAddrInfoReqWrap.onlookup [as oncomplete] (dns.js:92:26)
[error] 
[error] Error: An unexpected error has occurred.
[debug] [2018-03-21T01:59:18.482Z] Error: getaddrinfo ENOTFOUND www.gstatic.com www.gstatic.com:443
    at errnoException (dns.js:50:10)
    at GetAddrInfoReqWrap.onlookup [as oncomplete] (dns.js:92:26)
[error] 
[error] Error: An unexpected error has occurred.
[debug] [2018-03-21T01:59:18.482Z] Error: getaddrinfo ENOTFOUND www.gstatic.com www.gstatic.com:443
    at errnoException (dns.js:50:10)
    at GetAddrInfoReqWrap.onlookup [as oncomplete] (dns.js:92:26)
[error] 
[error] Error: An unexpected error has occurred.
[debug] [2018-03-21T01:59:18.483Z] Error: socket hang up
    at createHangUpError (_http_client.js:331:15)
    at TLSSocket.socketCloseListener (_http_client.js:363:23)
    at emitOne (events.js:121:20)
    at TLSSocket.emit (events.js:211:7)
    at _handle.close (net.js:567:12)
    at TCP.done [as _onclose] (_tls_wrap.js:356:7)
[error] 
[error] Error: An unexpected error has occurred.
[debug] [2018-03-21T01:59:18.484Z] Error: socket hang up
    at createHangUpError (_http_client.js:331:15)
    at TLSSocket.socketCloseListener (_http_client.js:363:23)
    at emitOne (events.js:121:20)
    at TLSSocket.emit (events.js:211:7)
    at _handle.close (net.js:567:12)
    at TCP.done [as _onclose] (_tls_wrap.js:356:7)
[error] 
[error] Error: An unexpected error has occurred.
[debug] [2018-03-21T01:59:18.484Z] Error: socket hang up
    at createHangUpError (_http_client.js:331:15)
    at TLSSocket.socketCloseListener (_http_client.js:363:23)
    at emitOne (events.js:121:20)
    at TLSSocket.emit (events.js:211:7)
    at _handle.close (net.js:567:12)
    at TCP.done [as _onclose] (_tls_wrap.js:356:7)
[error] 
[error] Error: An unexpected error has occurred.
[debug] [2018-03-21T01:59:18.485Z] Error: getaddrinfo ENOTFOUND www.gstatic.com www.gstatic.com:443
    at errnoException (dns.js:50:10)
    at GetAddrInfoReqWrap.onlookup [as oncomplete] (dns.js:92:26)
[error] 
[error] Error: An unexpected error has occurred.
[debug] [2018-03-21T01:59:18.485Z] Error: socket hang up
    at createHangUpError (_http_client.js:331:15)
    at TLSSocket.socketCloseListener (_http_client.js:363:23)
    at emitOne (events.js:121:20)
    at TLSSocket.emit (events.js:211:7)
    at _handle.close (net.js:567:12)
    at TCP.done [as _onclose] (_tls_wrap.js:356:7)
[error] 
[error] Error: An unexpected error has occurred.
[debug] [2018-03-21T02:01:28.439Z] ----------------------------------------------------------------------
[debug] [2018-03-21T02:01:28.442Z] Command:       /usr/local/bin/node /usr/local/bin/firebase serve
[debug] [2018-03-21T02:01:28.442Z] CLI Version:   3.17.6
[debug] [2018-03-21T02:01:28.442Z] Platform:      darwin
[debug] [2018-03-21T02:01:28.442Z] Node Version:  v8.10.0
[debug] [2018-03-21T02:01:28.467Z] Time:          Wed Mar 21 2018 15:01:28 GMT+1300 (NZDT)
[debug] [2018-03-21T02:01:28.467Z] ----------------------------------------------------------------------
[debug] 
[debug] [2018-03-21T02:01:28.556Z] > command requires scopes: ["email","openid","https://www.googleapis.com/auth/cloudplatformprojects.readonly","https://www.googleapis.com/auth/firebase","https://www.googleapis.com/auth/cloud-platform"]
[debug] [2018-03-21T02:01:28.556Z] > authorizing via signed-in user
[debug] [2018-03-21T02:01:28.559Z] > refreshing access token with scopes: ["email","https://www.googleapis.com/auth/cloud-platform","https://www.googleapis.com/auth/cloudplatformprojects.readonly","https://www.googleapis.com/auth/firebase","openid"]
[debug] [2018-03-21T02:01:28.559Z] >>> HTTP REQUEST POST https://www.googleapis.com/oauth2/v3/token  
 { refresh_token: '1/LGvMYSXtcF2R5L31zvpMQElarYt8uRxDYD9dYDuX3ko',
  client_id: '563584335869-fgrhgmd47bqnekij5i8b5pr03ho849e6.apps.googleusercontent.com',
  client_secret: 'j9iVZfS8kkCEFUPaAeJV0sAi',
  grant_type: 'refresh_token',
  scope: 'email https://www.googleapis.com/auth/cloud-platform https://www.googleapis.com/auth/cloudplatformprojects.readonly https://www.googleapis.com/auth/firebase openid' } 
 Wed Mar 21 2018 15:01:28 GMT+1300 (NZDT)
[debug] [2018-03-21T02:01:29.204Z] <<< HTTP RESPONSE 200
[debug] [2018-03-21T02:01:29.268Z] >>> HTTP REQUEST GET https://admin.firebase.com/v1/projects/play-14e3e  
  
 Wed Mar 21 2018 15:01:29 GMT+1300 (NZDT)
[debug] [2018-03-21T02:01:30.962Z] <<< HTTP RESPONSE 200
[debug] [2018-03-21T02:01:30.963Z] >>> HTTP REQUEST GET https://admin.firebase.com/v1/database/play-14e3e/tokens  
  
 Wed Mar 21 2018 15:01:30 GMT+1300 (NZDT)
[debug] [2018-03-21T02:01:34.562Z] <<< HTTP RESPONSE 200
[debug] [2018-03-21T02:01:34.563Z] >>> HTTP REQUEST GET https://cloudresourcemanager.googleapis.com/v1/projects/play-14e3e  
  
 Wed Mar 21 2018 15:01:34 GMT+1300 (NZDT)
[debug] [2018-03-21T02:01:37.028Z] <<< HTTP RESPONSE 200
[info] 
[info] === Serving from '/Users/admin/Desktop/PlayCode/play'...
[info] 
[debug] [2018-03-21T02:01:37.032Z] >>> HTTP REQUEST GET https://mobilesdk-pa.googleapis.com/v1/projects/952744572741/clients/_:getWebAppConfig  
  
 Wed Mar 21 2018 15:01:37 GMT+1300 (NZDT)
[debug] [2018-03-21T02:01:38.883Z] <<< HTTP RESPONSE 200
[info] i  hosting: Serving hosting files from: public
[info] ✔  hosting: Local server: http://localhost:5000

